TN:
SF:controllers\databaseManager.js
FN:4,DatabaseManager
FN:9,connect
FN:19,getClient
FNF:3
FNH:3
FNDA:7,DatabaseManager
FNDA:3,connect
FNDA:8,getClient
DA:1,1
DA:2,1
DA:3,1
DA:4,1
DA:5,7
DA:6,7
DA:7,7
DA:8,1
DA:9,1
DA:10,3
DA:11,3
DA:12,3
DA:13,3
DA:14,0
DA:15,0
DA:16,0
DA:17,3
DA:18,1
DA:19,1
DA:20,8
DA:21,8
DA:22,1
DA:23,1
DA:24,1
DA:25,1
DA:26,1
DA:27,1
DA:28,1
LF:28
LH:25
BRDA:4,0,0,7
BRDA:9,1,0,3
BRDA:13,2,0,0
BRDA:19,3,0,8
BRF:4
BRH:3
end_of_record
TN:
SF:controllers\getAddress.js
FN:3,getAddressController
FNF:1
FNH:1
FNDA:3,getAddressController
DA:1,1
DA:2,1
DA:3,1
DA:4,3
DA:5,3
DA:6,3
DA:7,3
DA:8,3
DA:9,3
DA:10,3
DA:11,3
DA:12,2
DA:13,3
DA:14,1
DA:15,1
DA:16,1
DA:17,1
DA:18,1
DA:19,1
DA:20,1
DA:21,1
DA:22,1
DA:23,1
DA:24,3
DA:25,1
DA:26,1
LF:26
LH:26
BRDA:3,0,0,3
BRDA:11,1,0,2
BRDA:13,2,0,1
BRF:3
BRH:3
end_of_record
TN:
SF:controllers\getHistory.js
FN:1,getRateHistoryFactor
FNF:1
FNH:1
FNDA:5,getRateHistoryFactor
DA:1,1
DA:2,5
DA:3,5
DA:4,2
DA:5,0
DA:6,0
DA:7,3
DA:8,3
DA:9,3
DA:10,3
DA:11,3
DA:12,3
DA:13,3
DA:14,2
DA:15,5
DA:16,5
DA:17,5
DA:18,5
DA:19,1
DA:20,1
DA:21,1
DA:22,5
DA:23,1
DA:24,1
LF:24
LH:22
BRDA:1,0,0,5
BRDA:3,1,0,4
BRDA:3,2,0,2
BRDA:4,3,0,0
BRDA:6,4,0,3
BRDA:13,5,0,2
BRDA:15,6,0,0
BRDA:18,7,0,1
BRF:8
BRH:6
end_of_record
TN:
SF:controllers\loginUser.js
FN:3,loginController
FNF:1
FNH:1
FNDA:4,loginController
DA:1,1
DA:2,1
DA:3,1
DA:4,4
DA:5,4
DA:6,4
DA:7,1
DA:8,1
DA:9,3
DA:10,3
DA:11,3
DA:12,3
DA:13,3
DA:14,3
DA:15,3
DA:16,3
DA:17,3
DA:18,3
DA:19,3
DA:20,3
DA:21,4
DA:22,1
DA:23,1
DA:24,0
DA:25,0
DA:26,4
DA:27,0
DA:28,0
DA:29,0
DA:30,0
DA:31,0
DA:32,0
DA:33,4
DA:34,4
DA:35,2
DA:36,2
DA:37,2
DA:38,2
DA:39,4
DA:40,1
DA:41,1
LF:41
LH:33
BRDA:3,0,0,4
BRDA:6,1,0,3
BRDA:6,2,0,1
BRDA:8,3,0,3
BRDA:20,4,0,2
BRDA:21,5,0,1
BRDA:21,6,0,0
BRDA:21,7,0,1
BRDA:23,8,0,0
BRDA:26,9,0,0
BRDA:26,10,0,0
BRDA:26,11,0,0
BRDA:26,12,0,0
BRDA:26,13,0,0
BRDA:34,14,0,2
BRF:15
BRH:8
end_of_record
TN:
SF:controllers\popupProfile.js
FN:1,popupProfileController
FNF:1
FNH:1
FNDA:3,popupProfileController
DA:1,1
DA:2,3
DA:3,3
DA:4,3
DA:5,3
DA:6,3
DA:7,3
DA:8,3
DA:9,3
DA:10,3
DA:11,3
DA:12,3
DA:13,3
DA:14,3
DA:15,3
DA:16,3
DA:17,3
DA:18,3
DA:19,3
DA:20,3
DA:21,3
DA:22,3
DA:23,3
DA:24,2
DA:25,2
DA:26,3
DA:27,1
DA:28,1
DA:29,1
DA:30,3
DA:31,1
DA:32,1
LF:32
LH:32
BRDA:1,0,0,3
BRDA:14,1,0,2
BRDA:15,2,0,0
BRDA:16,3,0,2
BRDA:17,4,0,2
BRDA:18,5,0,2
BRDA:23,6,0,2
BRDA:26,7,0,1
BRF:8
BRH:7
end_of_record
TN:
SF:controllers\pricingModule.js
FN:6,calculateFuelQuote
FNF:1
FNH:1
FNDA:2,calculateFuelQuote
DA:1,1
DA:2,1
DA:3,1
DA:4,1
DA:5,1
DA:6,2
DA:7,2
DA:8,2
DA:9,2
DA:10,2
DA:11,2
DA:12,2
DA:13,2
DA:14,2
DA:15,2
DA:16,2
DA:17,2
DA:18,2
DA:19,2
DA:20,2
DA:21,2
DA:22,2
DA:23,2
DA:24,2
DA:25,2
DA:26,2
DA:27,2
DA:28,2
DA:29,2
DA:30,2
DA:31,2
DA:32,2
DA:33,2
DA:34,1
DA:35,1
DA:36,1
LF:36
LH:36
BRDA:6,0,0,2
BRDA:11,1,0,1
BRDA:11,2,0,1
BRF:3
BRH:3
end_of_record
TN:
SF:controllers\profile.js
FN:1,updateProfileController
FNF:1
FNH:1
FNDA:5,updateProfileController
DA:1,1
DA:2,5
DA:3,5
DA:4,5
DA:5,5
DA:6,5
DA:7,5
DA:8,1
DA:9,1
DA:10,3
DA:11,3
DA:12,3
DA:13,5
DA:14,5
DA:15,5
DA:16,5
DA:17,5
DA:18,5
DA:19,5
DA:20,5
DA:21,5
DA:22,5
DA:23,5
DA:24,2
DA:25,5
DA:26,0
DA:27,0
DA:28,2
DA:29,2
DA:30,2
DA:31,5
DA:32,1
DA:33,1
DA:34,1
DA:35,5
DA:36,2
DA:37,2
DA:38,2
DA:39,5
DA:40,1
DA:41,1
LF:41
LH:39
BRDA:1,0,0,5
BRDA:7,1,0,3
BRDA:7,2,0,3
BRDA:7,3,0,3
BRDA:7,4,0,3
BRDA:7,5,0,1
BRDA:9,6,0,3
BRDA:23,7,0,2
BRDA:25,8,0,0
BRDA:27,9,0,2
BRDA:31,10,0,1
BRDA:35,11,0,2
BRF:12
BRH:11
end_of_record
TN:
SF:controllers\quoteForm.js
FN:3,quoteFormController
FNF:1
FNH:1
FNDA:3,quoteFormController
DA:1,1
DA:2,1
DA:3,1
DA:4,3
DA:5,3
DA:6,3
DA:7,3
DA:8,2
DA:9,2
DA:10,2
DA:11,3
DA:12,1
DA:13,1
DA:14,1
DA:15,1
DA:16,1
DA:17,1
DA:18,1
DA:19,1
DA:20,1
DA:21,1
DA:22,1
DA:23,1
DA:24,1
DA:25,1
DA:26,1
DA:27,1
DA:28,1
DA:29,1
DA:30,1
DA:31,1
DA:32,1
DA:33,1
DA:34,1
DA:35,1
DA:36,1
DA:37,1
DA:38,1
DA:39,1
DA:40,0
DA:41,0
DA:42,0
DA:43,0
DA:44,3
DA:45,2
DA:46,2
DA:47,2
DA:48,2
DA:49,3
DA:50,1
DA:51,1
LF:51
LH:47
BRDA:3,0,0,3
BRDA:7,1,0,2
BRDA:11,2,0,1
BRDA:39,3,0,0
BRDA:44,4,0,2
BRF:5
BRH:4
end_of_record
TN:
SF:controllers\quoteHistory.js
FN:4,quoteHistoryController
FNF:1
FNH:1
FNDA:6,quoteHistoryController
DA:1,1
DA:2,1
DA:3,1
DA:4,1
DA:5,6
DA:6,6
DA:7,6
DA:8,6
DA:9,2
DA:10,2
DA:11,4
DA:12,4
DA:13,4
DA:14,4
DA:15,4
DA:16,4
DA:17,4
DA:18,6
DA:19,1
DA:20,1
DA:21,3
DA:22,3
DA:23,3
DA:24,3
DA:25,6
DA:26,2
DA:27,2
DA:28,2
DA:29,2
DA:30,2
DA:31,6
DA:32,1
DA:33,1
DA:34,1
DA:35,1
DA:36,1
DA:37,1
DA:38,1
DA:39,1
DA:40,1
DA:41,1
DA:42,1
DA:43,1
DA:44,1
DA:45,1
DA:46,1
DA:47,1
DA:48,1
DA:49,1
DA:50,6
DA:51,1
DA:52,1
LF:52
LH:52
BRDA:4,0,0,6
BRDA:8,1,0,5
BRDA:8,2,0,2
BRDA:10,3,0,4
BRDA:18,4,0,1
BRDA:20,5,0,3
BRDA:25,6,0,2
BRDA:31,7,0,1
BRF:8
BRH:8
end_of_record
TN:
SF:controllers\registerUser.js
FN:6,authRegisterController
FNF:1
FNH:1
FNDA:5,authRegisterController
DA:1,1
DA:2,1
DA:3,1
DA:4,1
DA:5,1
DA:6,1
DA:7,5
DA:8,5
DA:9,5
DA:10,5
DA:11,5
DA:12,5
DA:13,1
DA:14,1
DA:15,4
DA:16,4
DA:17,5
DA:18,1
DA:19,1
DA:20,3
DA:21,3
DA:22,3
DA:23,3
DA:24,3
DA:25,3
DA:26,3
DA:27,3
DA:28,3
DA:29,3
DA:30,5
DA:31,1
DA:32,1
DA:33,1
DA:34,1
DA:35,1
DA:36,1
DA:37,1
DA:38,1
DA:39,0
DA:40,0
DA:41,0
DA:42,0
DA:43,0
DA:44,0
DA:45,5
DA:46,2
DA:47,2
DA:48,2
DA:49,5
DA:50,1
DA:51,1
LF:51
LH:45
BRDA:6,0,0,5
BRDA:12,1,0,4
BRDA:12,2,0,4
BRDA:12,3,0,1
BRDA:14,4,0,4
BRDA:17,5,0,1
BRDA:19,6,0,3
BRDA:29,7,0,2
BRDA:30,8,0,1
BRDA:38,9,0,0
BRDA:45,10,0,2
BRF:11
BRH:10
end_of_record
TN:
SF:controllers\userProfile.js
FN:3,userProfileController
FNF:1
FNH:1
FNDA:4,userProfileController
DA:1,1
DA:2,1
DA:3,1
DA:4,4
DA:5,4
DA:6,4
DA:7,3
DA:8,3
DA:9,4
DA:10,1
DA:11,1
DA:12,2
DA:13,2
DA:14,2
DA:15,2
DA:16,2
DA:17,2
DA:18,2
DA:19,4
DA:20,1
DA:21,1
DA:22,1
DA:23,1
DA:24,1
DA:25,1
DA:26,1
DA:27,1
DA:28,1
DA:29,1
DA:30,4
DA:31,1
DA:32,1
LF:32
LH:32
BRDA:3,0,0,4
BRDA:6,1,0,3
BRDA:9,2,0,1
BRDA:11,3,0,2
BRDA:19,4,0,1
BRF:5
BRH:5
end_of_record
